{"timestamp":"2023-11-17T14:26:29.677Z","level":"WARN","thread":"io-compute-3","logger":"org.apache.kafka.clients.producer.KafkaProducer","message":"[Producer clientId=producer-1] DefaultPartitioner is deprecated.  Please clear partitioner.class configuration setting to get the default partitioning behavior","context":"default"}
{"timestamp":"2023-11-17T14:26:32.531Z","level":"INFO","thread":"io-compute-3","logger":"org.http4s.blaze.server.BlazeServerBuilder","message":"\n  _   _   _        _ _\n | |_| |_| |_ _ __| | | ___\n | ' \\  _|  _| '_ \\_  _(_-<\n |_||_\\__|\\__| .__/ |_|/__/\n             |_|","context":"default"}
{"timestamp":"2023-11-17T14:26:32.562Z","level":"INFO","thread":"io-compute-3","logger":"org.http4s.blaze.server.BlazeServerBuilder","message":"http4s v0.23.19 on blaze v0.23.15 started at http://0.0.0.0:8080/","context":"default"}
{"timestamp":"2023-11-17T14:26:32.570Z","level":"INFO","thread":"io-compute-3","logger":"Main","message":"dafka-producer started","context":"default"}
{"timestamp":"2023-11-17T14:26:34.980Z","level":"INFO","thread":"io-compute-1","logger":"adapters.endpoints.ProduceService","message":"handling produce requests","context":"default"}
{"timestamp":"2023-11-17T14:26:34.979Z","level":"INFO","thread":"io-compute-2","logger":"adapters.endpoints.ProduceService","message":"handling produce requests","context":"default"}
{"timestamp":"2023-11-17T14:26:34.979Z","level":"INFO","thread":"io-compute-7","logger":"adapters.endpoints.ProduceService","message":"handling produce requests","context":"default"}
{"timestamp":"2023-11-17T14:26:34.979Z","level":"INFO","thread":"io-compute-3","logger":"adapters.endpoints.ProduceService","message":"handling produce requests","context":"default"}
{"timestamp":"2023-11-17T14:26:34.979Z","level":"INFO","thread":"io-compute-6","logger":"adapters.endpoints.ProduceService","message":"handling produce requests","context":"default"}
{"timestamp":"2023-11-17T14:26:35.046Z","level":"INFO","thread":"io-compute-6","mdc":{"topic":"my-topic","message":"{\n  \"data\" : \"foo\"\n}","key":"dd387004-202e-487d-9c2d-1f5d6fea914f_someKey3"},"logger":"adapters.kafka.ProducerImpl","message":"producer.produce started","context":"default"}
{"timestamp":"2023-11-17T14:26:35.046Z","level":"INFO","thread":"io-compute-1","mdc":{"topic":"my-topic","message":"{\n  \"data\" : \"foo\"\n}","key":"dd387004-202e-487d-9c2d-1f5d6fea914f_someKey5"},"logger":"adapters.kafka.ProducerImpl","message":"producer.produce started","context":"default"}
{"timestamp":"2023-11-17T14:26:35.045Z","level":"INFO","thread":"io-compute-3","mdc":{"topic":"my-topic","message":"{\n  \"data\" : \"foo\"\n}","key":"dd387004-202e-487d-9c2d-1f5d6fea914f_someKey1"},"logger":"adapters.kafka.ProducerImpl","message":"producer.produce started","context":"default"}
{"timestamp":"2023-11-17T14:26:35.046Z","level":"INFO","thread":"io-compute-7","mdc":{"topic":"my-topic","message":"{\n  \"data\" : \"foo\"\n}","key":"dd387004-202e-487d-9c2d-1f5d6fea914f_someKey4"},"logger":"adapters.kafka.ProducerImpl","message":"producer.produce started","context":"default"}
{"timestamp":"2023-11-17T14:26:35.046Z","level":"INFO","thread":"io-compute-2","mdc":{"topic":"my-topic","message":"{\n  \"data\" : \"foo\"\n}","key":"dd387004-202e-487d-9c2d-1f5d6fea914f_someKey2"},"logger":"adapters.kafka.ProducerImpl","message":"producer.produce started","context":"default"}
{"timestamp":"2023-11-17T14:26:35.348Z","level":"INFO","thread":"io-compute-1","mdc":{"topic":"my-topic","message":"{\n  \"data\" : \"foo\"\n}","key":"dd387004-202e-487d-9c2d-1f5d6fea914f_someKey1"},"logger":"adapters.kafka.ProducerImpl","message":"producer.produce success","context":"default"}
{"timestamp":"2023-11-17T14:26:35.348Z","level":"INFO","thread":"io-compute-6","mdc":{"topic":"my-topic","message":"{\n  \"data\" : \"foo\"\n}","key":"dd387004-202e-487d-9c2d-1f5d6fea914f_someKey3"},"logger":"adapters.kafka.ProducerImpl","message":"producer.produce success","context":"default"}
{"timestamp":"2023-11-17T14:26:35.350Z","level":"INFO","thread":"io-compute-9","mdc":{"topic":"my-topic","message":"{\n  \"data\" : \"foo\"\n}","key":"dd387004-202e-487d-9c2d-1f5d6fea914f_someKey5"},"logger":"adapters.kafka.ProducerImpl","message":"producer.produce success","context":"default"}
{"timestamp":"2023-11-17T14:26:35.348Z","level":"INFO","thread":"io-compute-5","mdc":{"topic":"my-topic","message":"{\n  \"data\" : \"foo\"\n}","key":"dd387004-202e-487d-9c2d-1f5d6fea914f_someKey4"},"logger":"adapters.kafka.ProducerImpl","message":"producer.produce success","context":"default"}
{"timestamp":"2023-11-17T14:26:35.348Z","level":"INFO","thread":"io-compute-2","mdc":{"topic":"my-topic","message":"{\n  \"data\" : \"foo\"\n}","key":"dd387004-202e-487d-9c2d-1f5d6fea914f_someKey2"},"logger":"adapters.kafka.ProducerImpl","message":"producer.produce success","context":"default"}
{"timestamp":"2023-11-17T14:26:35.357Z","level":"INFO","thread":"io-compute-2","logger":"adapters.endpoints.ProduceService","message":"messages produced successfully","context":"default"}
{"timestamp":"2023-11-17T14:26:35.357Z","level":"INFO","thread":"io-compute-9","logger":"adapters.endpoints.ProduceService","message":"messages produced successfully","context":"default"}
{"timestamp":"2023-11-17T14:26:35.357Z","level":"INFO","thread":"io-compute-1","logger":"adapters.endpoints.ProduceService","message":"messages produced successfully","context":"default"}
{"timestamp":"2023-11-17T14:26:35.357Z","level":"INFO","thread":"io-compute-5","logger":"adapters.endpoints.ProduceService","message":"messages produced successfully","context":"default"}
{"timestamp":"2023-11-17T14:26:35.357Z","level":"INFO","thread":"io-compute-6","logger":"adapters.endpoints.ProduceService","message":"messages produced successfully","context":"default"}
